-------------------------------------------------------------------------------
Test set: TestSuite
-------------------------------------------------------------------------------
Tests run: 2, Failures: 1, Errors: 0, Skipped: 0, Time elapsed: 21.566 s <<< FAILURE! - in TestSuite
cucumberOptions.TestNgTestRunner.runScenario["Search experience for the product search in both home page and offers page", "Search and place the order for products"](2)  Time elapsed: 18.938 s  <<< FAILURE!
java.lang.AssertionError: expected [Beetroot] but found [No data]

