<?xml version="1.0" encoding="UTF-8"?>
<!-- Generated by org.testng.reporters.JUnitReportReporter -->
<testsuite hostname="DESKTOP-JEQ71JK" failures="1" tests="3" name="cucumberOptions.TestNgTestRunner" time="123.261" errors="0" timestamp="2022-11-13T22:27:49 IST" skipped="0">
  <testcase classname="cucumberOptions.TestNgTestRunner" name="runScenario" time="41.296"/>
  <system-out/>
  <testcase classname="cucumberOptions.TestNgTestRunner" name="runScenario" time="40.651"/>
  <system-out/>
  <testcase classname="cucumberOptions.TestNgTestRunner" name="runScenario" time="41.314">
    <failure message="expected [Beetroot] but found [No data]" type="java.lang.AssertionError">
      <![CDATA[java.lang.AssertionError: expected [Beetroot] but found [No data]
at org.testng.Assert.fail(Assert.java:110)
at org.testng.Assert.failNotEquals(Assert.java:1413)
at org.testng.Assert.assertEqualsImpl(Assert.java:149)
at org.testng.Assert.assertEquals(Assert.java:131)
at org.testng.Assert.assertEquals(Assert.java:655)
at org.testng.Assert.assertEquals(Assert.java:665)
at stepDefinitions.OfferPageStepDefinitions.validate_product_name_in_offers_page_matches_with_landing_page(OfferPageStepDefinitions.java:58)
at âœ½.validate product name in offers page matches with Landing page(file:///C:/Users/TheUnified-17/Desktop/Personal%20folder/code/Framework/src/test/java/Features/searchProduct.feature:9)
]]>
    </failure>
  </testcase> <!-- runScenario -->
  <system-out/>
</testsuite> <!-- cucumberOptions.TestNgTestRunner -->
